This file contains any messages produced by compilers while
running configure, to aid debugging if configure makes a mistake.

It was created by FULL-PACKAGE-NAME configure VERSION, which was
generated by GNU Autoconf 2.69.  Invocation command line was

  $ ./configure 

## --------- ##
## Platform. ##
## --------- ##

hostname = dl-To-be-filled-by-O-E-M
uname -m = i686
uname -r = 4.4.0-109-generic
uname -s = Linux
uname -v = #132-Ubuntu SMP Tue Jan 9 19:52:07 UTC 2018

/usr/bin/uname -p = unknown
/bin/uname -X     = unknown

/bin/arch              = unknown
/usr/bin/arch -k       = unknown
/usr/convex/getsysinfo = unknown
/usr/bin/hostinfo      = unknown
/bin/machine           = unknown
/usr/bin/oslevel       = unknown
/bin/universe          = unknown

PATH: /home/dl/bin
PATH: /home/dl/.local/bin
PATH: /usr/local/sbin
PATH: /usr/local/bin
PATH: /usr/sbin
PATH: /usr/bin
PATH: /sbin
PATH: /bin
PATH: /usr/games
PATH: /usr/local/games
PATH: /snap/bin
PATH: /usr/lib/jvm/java-8-oracle/bin
PATH: /usr/lib/jvm/java-8-oracle/db/bin
PATH: /usr/lib/jvm/java-8-oracle/jre/bin


## ----------- ##
## Core tests. ##
## ----------- ##

configure:2463: checking for a BSD-compatible install
configure:2531: result: /usr/bin/install -c
configure:2542: checking whether build environment is sane
configure:2597: result: yes
configure:2748: checking for a thread-safe mkdir -p
configure:2787: result: /bin/mkdir -p
configure:2794: checking for gawk
configure:2810: found /usr/bin/gawk
configure:2821: result: gawk
configure:2832: checking whether make sets $(MAKE)
configure:2854: result: yes
configure:2883: checking whether make supports nested variables
configure:2900: result: yes
configure:3087: checking for g++
configure:3103: found /usr/bin/g++
configure:3114: result: g++
configure:3141: checking for C++ compiler version
configure:3150: g++ --version >&5
g++ (Ubuntu 5.4.0-6ubuntu1~16.04.9) 5.4.0 20160609
Copyright (C) 2015 Free Software Foundation, Inc.
This is free software; see the source for copying conditions.  There is NO
warranty; not even for MERCHANTABILITY or FITNESS FOR A PARTICULAR PURPOSE.

configure:3161: $? = 0
configure:3150: g++ -v >&5
Using built-in specs.
COLLECT_GCC=g++
COLLECT_LTO_WRAPPER=/usr/lib/gcc/i686-linux-gnu/5/lto-wrapper
Target: i686-linux-gnu
Configured with: ../src/configure -v --with-pkgversion='Ubuntu 5.4.0-6ubuntu1~16.04.9' --with-bugurl=file:///usr/share/doc/gcc-5/README.Bugs --enable-languages=c,ada,c++,java,go,d,fortran,objc,obj-c++ --prefix=/usr --program-suffix=-5 --enable-shared --enable-linker-build-id --libexecdir=/usr/lib --without-included-gettext --enable-threads=posix --libdir=/usr/lib --enable-nls --with-sysroot=/ --enable-clocale=gnu --enable-libstdcxx-debug --enable-libstdcxx-time=yes --with-default-libstdcxx-abi=new --enable-gnu-unique-object --disable-vtable-verify --enable-libmpx --enable-plugin --with-system-zlib --disable-browser-plugin --enable-java-awt=gtk --enable-gtk-cairo --with-java-home=/usr/lib/jvm/java-1.5.0-gcj-5-i386/jre --enable-java-home --with-jvm-root-dir=/usr/lib/jvm/java-1.5.0-gcj-5-i386 --with-jvm-jar-dir=/usr/lib/jvm-exports/java-1.5.0-gcj-5-i386 --with-arch-directory=i386 --with-ecj-jar=/usr/share/java/eclipse-ecj.jar --enable-objc-gc --enable-targets=all --enable-multiarch --disable-werror --with-arch-32=i686 --with-multilib-list=m32,m64,mx32 --enable-multilib --with-tune=generic --enable-checking=release --build=i686-linux-gnu --host=i686-linux-gnu --target=i686-linux-gnu
Thread model: posix
gcc version 5.4.0 20160609 (Ubuntu 5.4.0-6ubuntu1~16.04.9) 
configure:3161: $? = 0
configure:3150: g++ -V >&5
g++: error: unrecognized command line option '-V'
g++: fatal error: no input files
compilation terminated.
configure:3161: $? = 1
configure:3150: g++ -qversion >&5
g++: error: unrecognized command line option '-qversion'
g++: fatal error: no input files
compilation terminated.
configure:3161: $? = 1
configure:3181: checking whether the C++ compiler works
configure:3203: g++    conftest.cpp  >&5
configure:3207: $? = 0
configure:3255: result: yes
configure:3258: checking for C++ compiler default output file name
configure:3260: result: a.out
configure:3266: checking for suffix of executables
configure:3273: g++ -o conftest    conftest.cpp  >&5
configure:3277: $? = 0
configure:3299: result: 
configure:3321: checking whether we are cross compiling
configure:3329: g++ -o conftest    conftest.cpp  >&5
configure:3333: $? = 0
configure:3340: ./conftest
configure:3344: $? = 0
configure:3359: result: no
configure:3364: checking for suffix of object files
configure:3386: g++ -c   conftest.cpp >&5
configure:3390: $? = 0
configure:3411: result: o
configure:3415: checking whether we are using the GNU C++ compiler
configure:3434: g++ -c   conftest.cpp >&5
configure:3434: $? = 0
configure:3443: result: yes
configure:3452: checking whether g++ accepts -g
configure:3472: g++ -c -g  conftest.cpp >&5
configure:3472: $? = 0
configure:3513: result: yes
configure:3547: checking for style of include used by make
configure:3575: result: GNU
configure:3601: checking dependency style of g++
configure:3712: result: gcc3
configure:3775: checking for gcc
configure:3791: found /usr/bin/gcc
configure:3802: result: gcc
configure:4031: checking for C compiler version
configure:4040: gcc --version >&5
gcc (Ubuntu 5.4.0-6ubuntu1~16.04.9) 5.4.0 20160609
Copyright (C) 2015 Free Software Foundation, Inc.
This is free software; see the source for copying conditions.  There is NO
warranty; not even for MERCHANTABILITY or FITNESS FOR A PARTICULAR PURPOSE.

configure:4051: $? = 0
configure:4040: gcc -v >&5
Using built-in specs.
COLLECT_GCC=gcc
COLLECT_LTO_WRAPPER=/usr/lib/gcc/i686-linux-gnu/5/lto-wrapper
Target: i686-linux-gnu
Configured with: ../src/configure -v --with-pkgversion='Ubuntu 5.4.0-6ubuntu1~16.04.9' --with-bugurl=file:///usr/share/doc/gcc-5/README.Bugs --enable-languages=c,ada,c++,java,go,d,fortran,objc,obj-c++ --prefix=/usr --program-suffix=-5 --enable-shared --enable-linker-build-id --libexecdir=/usr/lib --without-included-gettext --enable-threads=posix --libdir=/usr/lib --enable-nls --with-sysroot=/ --enable-clocale=gnu --enable-libstdcxx-debug --enable-libstdcxx-time=yes --with-default-libstdcxx-abi=new --enable-gnu-unique-object --disable-vtable-verify --enable-libmpx --enable-plugin --with-system-zlib --disable-browser-plugin --enable-java-awt=gtk --enable-gtk-cairo --with-java-home=/usr/lib/jvm/java-1.5.0-gcj-5-i386/jre --enable-java-home --with-jvm-root-dir=/usr/lib/jvm/java-1.5.0-gcj-5-i386 --with-jvm-jar-dir=/usr/lib/jvm-exports/java-1.5.0-gcj-5-i386 --with-arch-directory=i386 --with-ecj-jar=/usr/share/java/eclipse-ecj.jar --enable-objc-gc --enable-targets=all --enable-multiarch --disable-werror --with-arch-32=i686 --with-multilib-list=m32,m64,mx32 --enable-multilib --with-tune=generic --enable-checking=release --build=i686-linux-gnu --host=i686-linux-gnu --target=i686-linux-gnu
Thread model: posix
gcc version 5.4.0 20160609 (Ubuntu 5.4.0-6ubuntu1~16.04.9) 
configure:4051: $? = 0
configure:4040: gcc -V >&5
gcc: error: unrecognized command line option '-V'
gcc: fatal error: no input files
compilation terminated.
configure:4051: $? = 1
configure:4040: gcc -qversion >&5
gcc: error: unrecognized command line option '-qversion'
gcc: fatal error: no input files
compilation terminated.
configure:4051: $? = 1
configure:4055: checking whether we are using the GNU C compiler
configure:4074: gcc -c   conftest.c >&5
configure:4074: $? = 0
configure:4083: result: yes
configure:4092: checking whether gcc accepts -g
configure:4112: gcc -c -g  conftest.c >&5
configure:4112: $? = 0
configure:4153: result: yes
configure:4170: checking for gcc option to accept ISO C89
configure:4233: gcc  -c -g -O2  conftest.c >&5
configure:4233: $? = 0
configure:4246: result: none needed
configure:4271: checking whether gcc understands -c and -o together
configure:4293: gcc -c conftest.c -o conftest2.o
configure:4296: $? = 0
configure:4293: gcc -c conftest.c -o conftest2.o
configure:4296: $? = 0
configure:4308: result: yes
configure:4327: checking dependency style of gcc
configure:4438: result: gcc3
configure:4456: checking for pthread_rwlock_init in -lpthread
configure:4481: gcc -o conftest -g -O2   conftest.c -lpthread   >&5
configure:4481: $? = 0
configure:4490: result: yes
configure:4546: checking for ranlib
configure:4562: found /usr/bin/ranlib
configure:4573: result: ranlib
configure:4602: checking how to run the C preprocessor
configure:4633: gcc -E  conftest.c
configure:4633: $? = 0
configure:4647: gcc -E  conftest.c
conftest.c:12:28: fatal error: ac_nonexistent.h: No such file or directory
compilation terminated.
configure:4647: $? = 1
configure: failed program was:
| /* confdefs.h */
| #define PACKAGE_NAME "FULL-PACKAGE-NAME"
| #define PACKAGE_TARNAME "full-package-name"
| #define PACKAGE_VERSION "VERSION"
| #define PACKAGE_STRING "FULL-PACKAGE-NAME VERSION"
| #define PACKAGE_BUGREPORT "BUG-REPORT-ADDRESS"
| #define PACKAGE_URL ""
| #define PACKAGE "full-package-name"
| #define VERSION "VERSION"
| #define HAVE_LIBPTHREAD 1
| /* end confdefs.h.  */
| #include <ac_nonexistent.h>
configure:4672: result: gcc -E
configure:4692: gcc -E  conftest.c
configure:4692: $? = 0
configure:4706: gcc -E  conftest.c
conftest.c:12:28: fatal error: ac_nonexistent.h: No such file or directory
compilation terminated.
configure:4706: $? = 1
configure: failed program was:
| /* confdefs.h */
| #define PACKAGE_NAME "FULL-PACKAGE-NAME"
| #define PACKAGE_TARNAME "full-package-name"
| #define PACKAGE_VERSION "VERSION"
| #define PACKAGE_STRING "FULL-PACKAGE-NAME VERSION"
| #define PACKAGE_BUGREPORT "BUG-REPORT-ADDRESS"
| #define PACKAGE_URL ""
| #define PACKAGE "full-package-name"
| #define VERSION "VERSION"
| #define HAVE_LIBPTHREAD 1
| /* end confdefs.h.  */
| #include <ac_nonexistent.h>
configure:4735: checking for grep that handles long lines and -e
configure:4793: result: /bin/grep
configure:4798: checking for egrep
configure:4860: result: /bin/grep -E
configure:4865: checking for ANSI C header files
configure:4885: gcc -c -g -O2  conftest.c >&5
configure:4885: $? = 0
configure:4958: gcc -o conftest -g -O2   conftest.c -lpthread  >&5
configure:4958: $? = 0
configure:4958: ./conftest
configure:4958: $? = 0
configure:4969: result: yes
configure:4982: checking for sys/types.h
configure:4982: gcc -c -g -O2  conftest.c >&5
configure:4982: $? = 0
configure:4982: result: yes
configure:4982: checking for sys/stat.h
configure:4982: gcc -c -g -O2  conftest.c >&5
configure:4982: $? = 0
configure:4982: result: yes
configure:4982: checking for stdlib.h
configure:4982: gcc -c -g -O2  conftest.c >&5
configure:4982: $? = 0
configure:4982: result: yes
configure:4982: checking for string.h
configure:4982: gcc -c -g -O2  conftest.c >&5
configure:4982: $? = 0
configure:4982: result: yes
configure:4982: checking for memory.h
configure:4982: gcc -c -g -O2  conftest.c >&5
configure:4982: $? = 0
configure:4982: result: yes
configure:4982: checking for strings.h
configure:4982: gcc -c -g -O2  conftest.c >&5
configure:4982: $? = 0
configure:4982: result: yes
configure:4982: checking for inttypes.h
configure:4982: gcc -c -g -O2  conftest.c >&5
configure:4982: $? = 0
configure:4982: result: yes
configure:4982: checking for stdint.h
configure:4982: gcc -c -g -O2  conftest.c >&5
configure:4982: $? = 0
configure:4982: result: yes
configure:4982: checking for unistd.h
configure:4982: gcc -c -g -O2  conftest.c >&5
configure:4982: $? = 0
configure:4982: result: yes
configure:4997: checking stddef.h usability
configure:4997: gcc -c -g -O2  conftest.c >&5
configure:4997: $? = 0
configure:4997: result: yes
configure:4997: checking stddef.h presence
configure:4997: gcc -E  conftest.c
configure:4997: $? = 0
configure:4997: result: yes
configure:4997: checking for stddef.h
configure:4997: result: yes
configure:4997: checking for stdlib.h
configure:4997: result: yes
configure:4997: checking for string.h
configure:4997: result: yes
configure:4997: checking syslog.h usability
configure:4997: gcc -c -g -O2  conftest.c >&5
configure:4997: $? = 0
configure:4997: result: yes
configure:4997: checking syslog.h presence
configure:4997: gcc -E  conftest.c
configure:4997: $? = 0
configure:4997: result: yes
configure:4997: checking for syslog.h
configure:4997: result: yes
configure:4997: checking for unistd.h
configure:4997: result: yes
configure:5009: checking for stdbool.h that conforms to C99
configure:5076: gcc -c -g -O2  conftest.c >&5
configure:5076: $? = 0
configure:5083: result: yes
configure:5085: checking for _Bool
configure:5085: gcc -c -g -O2  conftest.c >&5
configure:5085: $? = 0
configure:5085: gcc -c -g -O2  conftest.c >&5
conftest.c: In function 'main':
conftest.c:63:20: error: expected expression before ')' token
 if (sizeof ((_Bool)))
                    ^
configure:5085: $? = 1
configure: failed program was:
| /* confdefs.h */
| #define PACKAGE_NAME "FULL-PACKAGE-NAME"
| #define PACKAGE_TARNAME "full-package-name"
| #define PACKAGE_VERSION "VERSION"
| #define PACKAGE_STRING "FULL-PACKAGE-NAME VERSION"
| #define PACKAGE_BUGREPORT "BUG-REPORT-ADDRESS"
| #define PACKAGE_URL ""
| #define PACKAGE "full-package-name"
| #define VERSION "VERSION"
| #define HAVE_LIBPTHREAD 1
| #define STDC_HEADERS 1
| #define HAVE_SYS_TYPES_H 1
| #define HAVE_SYS_STAT_H 1
| #define HAVE_STDLIB_H 1
| #define HAVE_STRING_H 1
| #define HAVE_MEMORY_H 1
| #define HAVE_STRINGS_H 1
| #define HAVE_INTTYPES_H 1
| #define HAVE_STDINT_H 1
| #define HAVE_UNISTD_H 1
| #define HAVE_STDDEF_H 1
| #define HAVE_STDLIB_H 1
| #define HAVE_STRING_H 1
| #define HAVE_SYSLOG_H 1
| #define HAVE_UNISTD_H 1
| /* end confdefs.h.  */
| #include <stdio.h>
| #ifdef HAVE_SYS_TYPES_H
| # include <sys/types.h>
| #endif
| #ifdef HAVE_SYS_STAT_H
| # include <sys/stat.h>
| #endif
| #ifdef STDC_HEADERS
| # include <stdlib.h>
| # include <stddef.h>
| #else
| # ifdef HAVE_STDLIB_H
| #  include <stdlib.h>
| # endif
| #endif
| #ifdef HAVE_STRING_H
| # if !defined STDC_HEADERS && defined HAVE_MEMORY_H
| #  include <memory.h>
| # endif
| # include <string.h>
| #endif
| #ifdef HAVE_STRINGS_H
| # include <strings.h>
| #endif
| #ifdef HAVE_INTTYPES_H
| # include <inttypes.h>
| #endif
| #ifdef HAVE_STDINT_H
| # include <stdint.h>
| #endif
| #ifdef HAVE_UNISTD_H
| # include <unistd.h>
| #endif
| int
| main ()
| {
| if (sizeof ((_Bool)))
| 	    return 0;
|   ;
|   return 0;
| }
configure:5085: result: yes
configure:5096: checking for pid_t
configure:5096: gcc -c -g -O2  conftest.c >&5
configure:5096: $? = 0
configure:5096: gcc -c -g -O2  conftest.c >&5
conftest.c: In function 'main':
conftest.c:64:20: error: expected expression before ')' token
 if (sizeof ((pid_t)))
                    ^
configure:5096: $? = 1
configure: failed program was:
| /* confdefs.h */
| #define PACKAGE_NAME "FULL-PACKAGE-NAME"
| #define PACKAGE_TARNAME "full-package-name"
| #define PACKAGE_VERSION "VERSION"
| #define PACKAGE_STRING "FULL-PACKAGE-NAME VERSION"
| #define PACKAGE_BUGREPORT "BUG-REPORT-ADDRESS"
| #define PACKAGE_URL ""
| #define PACKAGE "full-package-name"
| #define VERSION "VERSION"
| #define HAVE_LIBPTHREAD 1
| #define STDC_HEADERS 1
| #define HAVE_SYS_TYPES_H 1
| #define HAVE_SYS_STAT_H 1
| #define HAVE_STDLIB_H 1
| #define HAVE_STRING_H 1
| #define HAVE_MEMORY_H 1
| #define HAVE_STRINGS_H 1
| #define HAVE_INTTYPES_H 1
| #define HAVE_STDINT_H 1
| #define HAVE_UNISTD_H 1
| #define HAVE_STDDEF_H 1
| #define HAVE_STDLIB_H 1
| #define HAVE_STRING_H 1
| #define HAVE_SYSLOG_H 1
| #define HAVE_UNISTD_H 1
| #define HAVE__BOOL 1
| /* end confdefs.h.  */
| #include <stdio.h>
| #ifdef HAVE_SYS_TYPES_H
| # include <sys/types.h>
| #endif
| #ifdef HAVE_SYS_STAT_H
| # include <sys/stat.h>
| #endif
| #ifdef STDC_HEADERS
| # include <stdlib.h>
| # include <stddef.h>
| #else
| # ifdef HAVE_STDLIB_H
| #  include <stdlib.h>
| # endif
| #endif
| #ifdef HAVE_STRING_H
| # if !defined STDC_HEADERS && defined HAVE_MEMORY_H
| #  include <memory.h>
| # endif
| # include <string.h>
| #endif
| #ifdef HAVE_STRINGS_H
| # include <strings.h>
| #endif
| #ifdef HAVE_INTTYPES_H
| # include <inttypes.h>
| #endif
| #ifdef HAVE_STDINT_H
| # include <stdint.h>
| #endif
| #ifdef HAVE_UNISTD_H
| # include <unistd.h>
| #endif
| int
| main ()
| {
| if (sizeof ((pid_t)))
| 	    return 0;
|   ;
|   return 0;
| }
configure:5096: result: yes
configure:5107: checking for size_t
configure:5107: gcc -c -g -O2  conftest.c >&5
configure:5107: $? = 0
configure:5107: gcc -c -g -O2  conftest.c >&5
conftest.c: In function 'main':
conftest.c:64:21: error: expected expression before ')' token
 if (sizeof ((size_t)))
                     ^
configure:5107: $? = 1
configure: failed program was:
| /* confdefs.h */
| #define PACKAGE_NAME "FULL-PACKAGE-NAME"
| #define PACKAGE_TARNAME "full-package-name"
| #define PACKAGE_VERSION "VERSION"
| #define PACKAGE_STRING "FULL-PACKAGE-NAME VERSION"
| #define PACKAGE_BUGREPORT "BUG-REPORT-ADDRESS"
| #define PACKAGE_URL ""
| #define PACKAGE "full-package-name"
| #define VERSION "VERSION"
| #define HAVE_LIBPTHREAD 1
| #define STDC_HEADERS 1
| #define HAVE_SYS_TYPES_H 1
| #define HAVE_SYS_STAT_H 1
| #define HAVE_STDLIB_H 1
| #define HAVE_STRING_H 1
| #define HAVE_MEMORY_H 1
| #define HAVE_STRINGS_H 1
| #define HAVE_INTTYPES_H 1
| #define HAVE_STDINT_H 1
| #define HAVE_UNISTD_H 1
| #define HAVE_STDDEF_H 1
| #define HAVE_STDLIB_H 1
| #define HAVE_STRING_H 1
| #define HAVE_SYSLOG_H 1
| #define HAVE_UNISTD_H 1
| #define HAVE__BOOL 1
| /* end confdefs.h.  */
| #include <stdio.h>
| #ifdef HAVE_SYS_TYPES_H
| # include <sys/types.h>
| #endif
| #ifdef HAVE_SYS_STAT_H
| # include <sys/stat.h>
| #endif
| #ifdef STDC_HEADERS
| # include <stdlib.h>
| # include <stddef.h>
| #else
| # ifdef HAVE_STDLIB_H
| #  include <stdlib.h>
| # endif
| #endif
| #ifdef HAVE_STRING_H
| # if !defined STDC_HEADERS && defined HAVE_MEMORY_H
| #  include <memory.h>
| # endif
| # include <string.h>
| #endif
| #ifdef HAVE_STRINGS_H
| # include <strings.h>
| #endif
| #ifdef HAVE_INTTYPES_H
| # include <inttypes.h>
| #endif
| #ifdef HAVE_STDINT_H
| # include <stdint.h>
| #endif
| #ifdef HAVE_UNISTD_H
| # include <unistd.h>
| #endif
| int
| main ()
| {
| if (sizeof ((size_t)))
| 	    return 0;
|   ;
|   return 0;
| }
configure:5107: result: yes
configure:5148: checking build system type
configure:5162: result: i686-pc-linux-gnu
configure:5182: checking host system type
configure:5195: result: i686-pc-linux-gnu
configure:5236: checking how to print strings
configure:5263: result: printf
configure:5284: checking for a sed that does not truncate output
configure:5348: result: /bin/sed
configure:5366: checking for fgrep
configure:5428: result: /bin/grep -F
configure:5463: checking for ld used by gcc
configure:5530: result: /usr/bin/ld
configure:5537: checking if the linker (/usr/bin/ld) is GNU ld
configure:5552: result: yes
configure:5564: checking for BSD- or MS-compatible name lister (nm)
configure:5618: result: /usr/bin/nm -B
configure:5748: checking the name lister (/usr/bin/nm -B) interface
configure:5755: gcc -c -g -O2  conftest.c >&5
configure:5758: /usr/bin/nm -B "conftest.o"
configure:5761: output
00000000 B some_variable
configure:5768: result: BSD nm
configure:5771: checking whether ln -s works
configure:5775: result: yes
configure:5783: checking the maximum length of command line arguments
configure:5914: result: 1572864
configure:5962: checking how to convert i686-pc-linux-gnu file names to i686-pc-linux-gnu format
configure:6002: result: func_convert_file_noop
configure:6009: checking how to convert i686-pc-linux-gnu file names to toolchain format
configure:6029: result: func_convert_file_noop
configure:6036: checking for /usr/bin/ld option to reload object files
configure:6043: result: -r
configure:6117: checking for objdump
configure:6133: found /usr/bin/objdump
configure:6144: result: objdump
configure:6176: checking how to recognize dependent libraries
configure:6376: result: pass_all
configure:6461: checking for dlltool
configure:6491: result: no
configure:6521: checking how to associate runtime and link libraries
configure:6548: result: printf %s\n
configure:6608: checking for ar
configure:6624: found /usr/bin/ar
configure:6635: result: ar
configure:6672: checking for archiver @FILE support
configure:6689: gcc -c -g -O2  conftest.c >&5
configure:6689: $? = 0
configure:6692: ar cru libconftest.a @conftest.lst >&5
ar: `u' modifier ignored since `D' is the default (see `U')
configure:6695: $? = 0
configure:6700: ar cru libconftest.a @conftest.lst >&5
ar: `u' modifier ignored since `D' is the default (see `U')
ar: conftest.o: No such file or directory
configure:6703: $? = 1
configure:6715: result: @
configure:6773: checking for strip
configure:6789: found /usr/bin/strip
configure:6800: result: strip
configure:6872: checking for ranlib
configure:6899: result: ranlib
configure:7001: checking command to parse /usr/bin/nm -B output from gcc object
configure:7154: gcc -c -g -O2  conftest.c >&5
configure:7157: $? = 0
configure:7161: /usr/bin/nm -B conftest.o \| sed -n -e 's/^.*[ ]\([ABCDGIRSTW][ABCDGIRSTW]*\)[ ][ ]*\([_A-Za-z][_A-Za-z0-9]*\)$/\1 \2 \2/p' | sed '/ __gnu_lto/d' \> conftest.nm
configure:7164: $? = 0
configure:7230: gcc -o conftest -g -O2   conftest.c conftstm.o >&5
configure:7233: $? = 0
configure:7271: result: ok
configure:7318: checking for sysroot
configure:7348: result: no
configure:7355: checking for a working dd
configure:7393: result: /bin/dd
configure:7397: checking how to truncate binary pipes
configure:7412: result: /bin/dd bs=4096 count=1
configure:7741: checking for mt
configure:7757: found /bin/mt
configure:7768: result: mt
configure:7791: checking if mt is a manifest tool
configure:7797: mt '-?'
configure:7805: result: no
configure:8479: checking for dlfcn.h
configure:8479: gcc -c -g -O2  conftest.c >&5
configure:8479: $? = 0
configure:8479: result: yes
configure:8746: checking for objdir
configure:8761: result: .libs
configure:9021: checking if gcc supports -fno-rtti -fno-exceptions
configure:9039: gcc -c -g -O2  -fno-rtti -fno-exceptions conftest.c >&5
cc1: warning: command line option '-fno-rtti' is valid for C++/ObjC++ but not for C
configure:9043: $? = 0
configure:9056: result: no
configure:9414: checking for gcc option to produce PIC
configure:9421: result: -fPIC -DPIC
configure:9429: checking if gcc PIC flag -fPIC -DPIC works
configure:9447: gcc -c -g -O2  -fPIC -DPIC -DPIC conftest.c >&5
configure:9451: $? = 0
configure:9464: result: yes
configure:9493: checking if gcc static flag -static works
configure:9521: result: yes
configure:9536: checking if gcc supports -c -o file.o
configure:9557: gcc -c -g -O2  -o out/conftest2.o conftest.c >&5
configure:9561: $? = 0
configure:9583: result: yes
configure:9591: checking if gcc supports -c -o file.o
configure:9638: result: yes
configure:9671: checking whether the gcc linker (/usr/bin/ld) supports shared libraries
configure:10934: result: yes
configure:10971: checking whether -lc should be explicitly linked in
configure:10979: gcc -c -g -O2  conftest.c >&5
configure:10982: $? = 0
configure:10997: gcc -shared  -fPIC -DPIC conftest.o  -v -Wl,-soname -Wl,conftest -o conftest 2\>\&1 \| /bin/grep  -lc  \>/dev/null 2\>\&1
configure:11000: $? = 0
configure:11014: result: no
configure:11174: checking dynamic linker characteristics
configure:11755: gcc -o conftest -g -O2   -Wl,-rpath -Wl,/foo conftest.c -lpthread  >&5
configure:11755: $? = 0
configure:12004: result: GNU/Linux ld.so
configure:12126: checking how to hardcode library paths into programs
configure:12151: result: immediate
configure:12699: checking whether stripping libraries is possible
configure:12704: result: yes
configure:12739: checking if libtool supports shared libraries
configure:12741: result: yes
configure:12744: checking whether to build shared libraries
configure:12769: result: yes
configure:12772: checking whether to build static libraries
configure:12776: result: yes
configure:12799: checking how to run the C++ preprocessor
configure:12826: g++ -E  conftest.cpp
configure:12826: $? = 0
configure:12840: g++ -E  conftest.cpp
conftest.cpp:30:28: fatal error: ac_nonexistent.h: No such file or directory
compilation terminated.
configure:12840: $? = 1
configure: failed program was:
| /* confdefs.h */
| #define PACKAGE_NAME "FULL-PACKAGE-NAME"
| #define PACKAGE_TARNAME "full-package-name"
| #define PACKAGE_VERSION "VERSION"
| #define PACKAGE_STRING "FULL-PACKAGE-NAME VERSION"
| #define PACKAGE_BUGREPORT "BUG-REPORT-ADDRESS"
| #define PACKAGE_URL ""
| #define PACKAGE "full-package-name"
| #define VERSION "VERSION"
| #define HAVE_LIBPTHREAD 1
| #define STDC_HEADERS 1
| #define HAVE_SYS_TYPES_H 1
| #define HAVE_SYS_STAT_H 1
| #define HAVE_STDLIB_H 1
| #define HAVE_STRING_H 1
| #define HAVE_MEMORY_H 1
| #define HAVE_STRINGS_H 1
| #define HAVE_INTTYPES_H 1
| #define HAVE_STDINT_H 1
| #define HAVE_UNISTD_H 1
| #define HAVE_STDDEF_H 1
| #define HAVE_STDLIB_H 1
| #define HAVE_STRING_H 1
| #define HAVE_SYSLOG_H 1
| #define HAVE_UNISTD_H 1
| #define HAVE__BOOL 1
| #define HAVE_DLFCN_H 1
| #define LT_OBJDIR ".libs/"
| /* end confdefs.h.  */
| #include <ac_nonexistent.h>
configure:12865: result: g++ -E
configure:12885: g++ -E  conftest.cpp
configure:12885: $? = 0
configure:12899: g++ -E  conftest.cpp
conftest.cpp:30:28: fatal error: ac_nonexistent.h: No such file or directory
compilation terminated.
configure:12899: $? = 1
configure: failed program was:
| /* confdefs.h */
| #define PACKAGE_NAME "FULL-PACKAGE-NAME"
| #define PACKAGE_TARNAME "full-package-name"
| #define PACKAGE_VERSION "VERSION"
| #define PACKAGE_STRING "FULL-PACKAGE-NAME VERSION"
| #define PACKAGE_BUGREPORT "BUG-REPORT-ADDRESS"
| #define PACKAGE_URL ""
| #define PACKAGE "full-package-name"
| #define VERSION "VERSION"
| #define HAVE_LIBPTHREAD 1
| #define STDC_HEADERS 1
| #define HAVE_SYS_TYPES_H 1
| #define HAVE_SYS_STAT_H 1
| #define HAVE_STDLIB_H 1
| #define HAVE_STRING_H 1
| #define HAVE_MEMORY_H 1
| #define HAVE_STRINGS_H 1
| #define HAVE_INTTYPES_H 1
| #define HAVE_STDINT_H 1
| #define HAVE_UNISTD_H 1
| #define HAVE_STDDEF_H 1
| #define HAVE_STDLIB_H 1
| #define HAVE_STRING_H 1
| #define HAVE_SYSLOG_H 1
| #define HAVE_UNISTD_H 1
| #define HAVE__BOOL 1
| #define HAVE_DLFCN_H 1
| #define LT_OBJDIR ".libs/"
| /* end confdefs.h.  */
| #include <ac_nonexistent.h>
configure:13061: checking for ld used by g++
configure:13128: result: /usr/bin/ld
configure:13135: checking if the linker (/usr/bin/ld) is GNU ld
configure:13150: result: yes
configure:13205: checking whether the g++ linker (/usr/bin/ld) supports shared libraries
configure:14278: result: yes
configure:14314: g++ -c -g -O2  conftest.cpp >&5
configure:14317: $? = 0
configure:14798: checking for g++ option to produce PIC
configure:14805: result: -fPIC -DPIC
configure:14813: checking if g++ PIC flag -fPIC -DPIC works
configure:14831: g++ -c -g -O2  -fPIC -DPIC -DPIC conftest.cpp >&5
configure:14835: $? = 0
configure:14848: result: yes
configure:14871: checking if g++ static flag -static works
configure:14899: result: yes
configure:14911: checking if g++ supports -c -o file.o
configure:14932: g++ -c -g -O2  -o out/conftest2.o conftest.cpp >&5
configure:14936: $? = 0
configure:14958: result: yes
configure:14963: checking if g++ supports -c -o file.o
configure:15010: result: yes
configure:15040: checking whether the g++ linker (/usr/bin/ld) supports shared libraries
configure:15083: result: yes
configure:15224: checking dynamic linker characteristics
configure:15981: result: GNU/Linux ld.so
configure:16046: checking how to hardcode library paths into programs
configure:16071: result: immediate
configure:16136: checking vfork.h usability
configure:16136: gcc -c -g -O2  conftest.c >&5
conftest.c:63:19: fatal error: vfork.h: No such file or directory
compilation terminated.
configure:16136: $? = 1
configure: failed program was:
| /* confdefs.h */
| #define PACKAGE_NAME "FULL-PACKAGE-NAME"
| #define PACKAGE_TARNAME "full-package-name"
| #define PACKAGE_VERSION "VERSION"
| #define PACKAGE_STRING "FULL-PACKAGE-NAME VERSION"
| #define PACKAGE_BUGREPORT "BUG-REPORT-ADDRESS"
| #define PACKAGE_URL ""
| #define PACKAGE "full-package-name"
| #define VERSION "VERSION"
| #define HAVE_LIBPTHREAD 1
| #define STDC_HEADERS 1
| #define HAVE_SYS_TYPES_H 1
| #define HAVE_SYS_STAT_H 1
| #define HAVE_STDLIB_H 1
| #define HAVE_STRING_H 1
| #define HAVE_MEMORY_H 1
| #define HAVE_STRINGS_H 1
| #define HAVE_INTTYPES_H 1
| #define HAVE_STDINT_H 1
| #define HAVE_UNISTD_H 1
| #define HAVE_STDDEF_H 1
| #define HAVE_STDLIB_H 1
| #define HAVE_STRING_H 1
| #define HAVE_SYSLOG_H 1
| #define HAVE_UNISTD_H 1
| #define HAVE__BOOL 1
| #define HAVE_DLFCN_H 1
| #define LT_OBJDIR ".libs/"
| /* end confdefs.h.  */
| #include <stdio.h>
| #ifdef HAVE_SYS_TYPES_H
| # include <sys/types.h>
| #endif
| #ifdef HAVE_SYS_STAT_H
| # include <sys/stat.h>
| #endif
| #ifdef STDC_HEADERS
| # include <stdlib.h>
| # include <stddef.h>
| #else
| # ifdef HAVE_STDLIB_H
| #  include <stdlib.h>
| # endif
| #endif
| #ifdef HAVE_STRING_H
| # if !defined STDC_HEADERS && defined HAVE_MEMORY_H
| #  include <memory.h>
| # endif
| # include <string.h>
| #endif
| #ifdef HAVE_STRINGS_H
| # include <strings.h>
| #endif
| #ifdef HAVE_INTTYPES_H
| # include <inttypes.h>
| #endif
| #ifdef HAVE_STDINT_H
| # include <stdint.h>
| #endif
| #ifdef HAVE_UNISTD_H
| # include <unistd.h>
| #endif
| #include <vfork.h>
configure:16136: result: no
configure:16136: checking vfork.h presence
configure:16136: gcc -E  conftest.c
conftest.c:30:19: fatal error: vfork.h: No such file or directory
compilation terminated.
configure:16136: $? = 1
configure: failed program was:
| /* confdefs.h */
| #define PACKAGE_NAME "FULL-PACKAGE-NAME"
| #define PACKAGE_TARNAME "full-package-name"
| #define PACKAGE_VERSION "VERSION"
| #define PACKAGE_STRING "FULL-PACKAGE-NAME VERSION"
| #define PACKAGE_BUGREPORT "BUG-REPORT-ADDRESS"
| #define PACKAGE_URL ""
| #define PACKAGE "full-package-name"
| #define VERSION "VERSION"
| #define HAVE_LIBPTHREAD 1
| #define STDC_HEADERS 1
| #define HAVE_SYS_TYPES_H 1
| #define HAVE_SYS_STAT_H 1
| #define HAVE_STDLIB_H 1
| #define HAVE_STRING_H 1
| #define HAVE_MEMORY_H 1
| #define HAVE_STRINGS_H 1
| #define HAVE_INTTYPES_H 1
| #define HAVE_STDINT_H 1
| #define HAVE_UNISTD_H 1
| #define HAVE_STDDEF_H 1
| #define HAVE_STDLIB_H 1
| #define HAVE_STRING_H 1
| #define HAVE_SYSLOG_H 1
| #define HAVE_UNISTD_H 1
| #define HAVE__BOOL 1
| #define HAVE_DLFCN_H 1
| #define LT_OBJDIR ".libs/"
| /* end confdefs.h.  */
| #include <vfork.h>
configure:16136: result: no
configure:16136: checking for vfork.h
configure:16136: result: no
configure:16149: checking for fork
configure:16149: gcc -o conftest -g -O2   conftest.c -lpthread  >&5
conftest.c:53:6: warning: conflicting types for built-in function 'fork'
 char fork ();
      ^
configure:16149: $? = 0
configure:16149: result: yes
configure:16149: checking for vfork
configure:16149: gcc -o conftest -g -O2   conftest.c -lpthread  >&5
configure:16149: $? = 0
configure:16149: result: yes
configure:16159: checking for working fork
configure:16181: gcc -o conftest -g -O2   conftest.c -lpthread  >&5
configure:16181: $? = 0
configure:16181: ./conftest
configure:16181: $? = 0
configure:16191: result: yes
configure:16212: checking for working vfork
configure:16322: result: yes
configure:16349: checking for stdlib.h
configure:16349: result: yes
configure:16359: checking for GNU libc compatible malloc
configure:16383: gcc -o conftest -g -O2   conftest.c -lpthread  >&5
configure:16383: $? = 0
configure:16383: ./conftest
configure:16383: $? = 0
configure:16393: result: yes
configure:16416: checking for stdlib.h
configure:16416: result: yes
configure:16426: checking for GNU libc compatible realloc
configure:16450: gcc -o conftest -g -O2   conftest.c -lpthread  >&5
configure:16450: $? = 0
configure:16450: ./conftest
configure:16450: $? = 0
configure:16460: result: yes
configure:16484: checking for memset
configure:16484: gcc -o conftest -g -O2   conftest.c -lpthread  >&5
conftest.c:61:6: warning: conflicting types for built-in function 'memset'
 char memset ();
      ^
configure:16484: $? = 0
configure:16484: result: yes
configure:16484: checking for strdup
configure:16484: gcc -o conftest -g -O2   conftest.c -lpthread  >&5
conftest.c:62:6: warning: conflicting types for built-in function 'strdup'
 char strdup ();
      ^
configure:16484: $? = 0
configure:16484: result: yes
configure:16484: checking for strerror
configure:16484: gcc -o conftest -g -O2   conftest.c -lpthread  >&5
configure:16484: $? = 0
configure:16484: result: yes
configure:16604: checking that generated files are newer than configure
configure:16610: result: done
configure:16637: creating ./config.status

## ---------------------- ##
## Running config.status. ##
## ---------------------- ##

This file was extended by FULL-PACKAGE-NAME config.status VERSION, which was
generated by GNU Autoconf 2.69.  Invocation command line was

  CONFIG_FILES    = 
  CONFIG_HEADERS  = 
  CONFIG_LINKS    = 
  CONFIG_COMMANDS = 
  $ ./config.status 

on dl-To-be-filled-by-O-E-M

config.status:1166: creating Makefile
config.status:1166: creating epplib/Makefile
config.status:1166: creating config.h
config.status:1347: config.h is unchanged
config.status:1395: executing depfiles commands
config.status:1395: executing libtool commands

## ---------------- ##
## Cache variables. ##
## ---------------- ##

ac_cv_build=i686-pc-linux-gnu
ac_cv_c_compiler_gnu=yes
ac_cv_cxx_compiler_gnu=yes
ac_cv_env_CCC_set=
ac_cv_env_CCC_value=
ac_cv_env_CC_set=
ac_cv_env_CC_value=
ac_cv_env_CFLAGS_set=
ac_cv_env_CFLAGS_value=
ac_cv_env_CPPFLAGS_set=
ac_cv_env_CPPFLAGS_value=
ac_cv_env_CPP_set=
ac_cv_env_CPP_value=
ac_cv_env_CXXCPP_set=
ac_cv_env_CXXCPP_value=
ac_cv_env_CXXFLAGS_set=
ac_cv_env_CXXFLAGS_value=
ac_cv_env_CXX_set=
ac_cv_env_CXX_value=
ac_cv_env_LDFLAGS_set=
ac_cv_env_LDFLAGS_value=
ac_cv_env_LIBS_set=
ac_cv_env_LIBS_value=
ac_cv_env_LT_SYS_LIBRARY_PATH_set=
ac_cv_env_LT_SYS_LIBRARY_PATH_value=
ac_cv_env_build_alias_set=
ac_cv_env_build_alias_value=
ac_cv_env_host_alias_set=
ac_cv_env_host_alias_value=
ac_cv_env_target_alias_set=
ac_cv_env_target_alias_value=
ac_cv_func_fork=yes
ac_cv_func_fork_works=yes
ac_cv_func_malloc_0_nonnull=yes
ac_cv_func_memset=yes
ac_cv_func_realloc_0_nonnull=yes
ac_cv_func_strdup=yes
ac_cv_func_strerror=yes
ac_cv_func_vfork=yes
ac_cv_func_vfork_works=yes
ac_cv_header_dlfcn_h=yes
ac_cv_header_inttypes_h=yes
ac_cv_header_memory_h=yes
ac_cv_header_stdbool_h=yes
ac_cv_header_stdc=yes
ac_cv_header_stddef_h=yes
ac_cv_header_stdint_h=yes
ac_cv_header_stdlib_h=yes
ac_cv_header_string_h=yes
ac_cv_header_strings_h=yes
ac_cv_header_sys_stat_h=yes
ac_cv_header_sys_types_h=yes
ac_cv_header_syslog_h=yes
ac_cv_header_unistd_h=yes
ac_cv_header_vfork_h=no
ac_cv_host=i686-pc-linux-gnu
ac_cv_lib_pthread_pthread_rwlock_init=yes
ac_cv_objext=o
ac_cv_path_EGREP='/bin/grep -E'
ac_cv_path_FGREP='/bin/grep -F'
ac_cv_path_GREP=/bin/grep
ac_cv_path_SED=/bin/sed
ac_cv_path_install='/usr/bin/install -c'
ac_cv_path_lt_DD=/bin/dd
ac_cv_path_mkdir=/bin/mkdir
ac_cv_prog_AWK=gawk
ac_cv_prog_CPP='gcc -E'
ac_cv_prog_CXXCPP='g++ -E'
ac_cv_prog_ac_ct_AR=ar
ac_cv_prog_ac_ct_CC=gcc
ac_cv_prog_ac_ct_CXX=g++
ac_cv_prog_ac_ct_MANIFEST_TOOL=mt
ac_cv_prog_ac_ct_OBJDUMP=objdump
ac_cv_prog_ac_ct_RANLIB=ranlib
ac_cv_prog_ac_ct_STRIP=strip
ac_cv_prog_cc_c89=
ac_cv_prog_cc_g=yes
ac_cv_prog_cxx_g=yes
ac_cv_prog_make_make_set=yes
ac_cv_type__Bool=yes
ac_cv_type_pid_t=yes
ac_cv_type_size_t=yes
am_cv_CC_dependencies_compiler_type=gcc3
am_cv_CXX_dependencies_compiler_type=gcc3
am_cv_make_support_nested_variables=yes
am_cv_prog_cc_c_o=yes
lt_cv_ar_at_file=@
lt_cv_archive_cmds_need_lc=no
lt_cv_deplibs_check_method=pass_all
lt_cv_file_magic_cmd='$MAGIC_CMD'
lt_cv_file_magic_test_file=
lt_cv_ld_reload_flag=-r
lt_cv_nm_interface='BSD nm'
lt_cv_objdir=.libs
lt_cv_path_LD=/usr/bin/ld
lt_cv_path_LDCXX=/usr/bin/ld
lt_cv_path_NM='/usr/bin/nm -B'
lt_cv_path_mainfest_tool=no
lt_cv_prog_compiler_c_o=yes
lt_cv_prog_compiler_c_o_CXX=yes
lt_cv_prog_compiler_pic='-fPIC -DPIC'
lt_cv_prog_compiler_pic_CXX='-fPIC -DPIC'
lt_cv_prog_compiler_pic_works=yes
lt_cv_prog_compiler_pic_works_CXX=yes
lt_cv_prog_compiler_rtti_exceptions=no
lt_cv_prog_compiler_static_works=yes
lt_cv_prog_compiler_static_works_CXX=yes
lt_cv_prog_gnu_ld=yes
lt_cv_prog_gnu_ldcxx=yes
lt_cv_sharedlib_from_linklib_cmd='printf %s\n'
lt_cv_shlibpath_overrides_runpath=no
lt_cv_sys_global_symbol_pipe='sed -n -e '\''s/^.*[	 ]\([ABCDGIRSTW][ABCDGIRSTW]*\)[	 ][	 ]*\([_A-Za-z][_A-Za-z0-9]*\)$/\1 \2 \2/p'\'' | sed '\''/ __gnu_lto/d'\'''
lt_cv_sys_global_symbol_to_c_name_address='sed -n -e '\''s/^: \(.*\) .*$/  {"\1", (void *) 0},/p'\'' -e '\''s/^[ABCDGIRSTW][ABCDGIRSTW]* .* \(.*\)$/  {"\1", (void *) \&\1},/p'\'''
lt_cv_sys_global_symbol_to_c_name_address_lib_prefix='sed -n -e '\''s/^: \(.*\) .*$/  {"\1", (void *) 0},/p'\'' -e '\''s/^[ABCDGIRSTW][ABCDGIRSTW]* .* \(lib.*\)$/  {"\1", (void *) \&\1},/p'\'' -e '\''s/^[ABCDGIRSTW][ABCDGIRSTW]* .* \(.*\)$/  {"lib\1", (void *) \&\1},/p'\'''
lt_cv_sys_global_symbol_to_cdecl='sed -n -e '\''s/^T .* \(.*\)$/extern int \1();/p'\'' -e '\''s/^[ABCDGIRSTW][ABCDGIRSTW]* .* \(.*\)$/extern char \1;/p'\'''
lt_cv_sys_global_symbol_to_import=
lt_cv_sys_max_cmd_len=1572864
lt_cv_to_host_file_cmd=func_convert_file_noop
lt_cv_to_tool_file_cmd=func_convert_file_noop
lt_cv_truncate_bin='/bin/dd bs=4096 count=1'

## ----------------- ##
## Output variables. ##
## ----------------- ##

ACLOCAL='${SHELL} /home/dl/workspace/epprotocol/src/missing aclocal-1.15'
AMDEPBACKSLASH='\'
AMDEP_FALSE='#'
AMDEP_TRUE=''
AMTAR='$${TAR-tar}'
AM_BACKSLASH='\'
AM_DEFAULT_V='$(AM_DEFAULT_VERBOSITY)'
AM_DEFAULT_VERBOSITY='1'
AM_V='$(V)'
AR='ar'
AUTOCONF='${SHELL} /home/dl/workspace/epprotocol/src/missing autoconf'
AUTOHEADER='${SHELL} /home/dl/workspace/epprotocol/src/missing autoheader'
AUTOMAKE='${SHELL} /home/dl/workspace/epprotocol/src/missing automake-1.15'
AWK='gawk'
CC='gcc'
CCDEPMODE='depmode=gcc3'
CFLAGS='-g -O2'
CPP='gcc -E'
CPPFLAGS=''
CXX='g++'
CXXCPP='g++ -E'
CXXDEPMODE='depmode=gcc3'
CXXFLAGS='-g -O2'
CYGPATH_W='echo'
DEFS='-DHAVE_CONFIG_H'
DEPDIR='.deps'
DLLTOOL='false'
DSYMUTIL=''
DUMPBIN=''
ECHO_C=''
ECHO_N='-n'
ECHO_T=''
EGREP='/bin/grep -E'
EXEEXT=''
FGREP='/bin/grep -F'
GREP='/bin/grep'
INSTALL_DATA='${INSTALL} -m 644'
INSTALL_PROGRAM='${INSTALL}'
INSTALL_SCRIPT='${INSTALL}'
INSTALL_STRIP_PROGRAM='$(install_sh) -c -s'
LD='/usr/bin/ld'
LDFLAGS=''
LIBOBJS=''
LIBS='-lpthread '
LIBTOOL='$(SHELL) $(top_builddir)/libtool'
LIPO=''
LN_S='ln -s'
LTLIBOBJS=''
LT_SYS_LIBRARY_PATH=''
MAKEINFO='${SHELL} /home/dl/workspace/epprotocol/src/missing makeinfo'
MANIFEST_TOOL=':'
MKDIR_P='/bin/mkdir -p'
NM='/usr/bin/nm -B'
NMEDIT=''
OBJDUMP='objdump'
OBJEXT='o'
OTOOL64=''
OTOOL=''
PACKAGE='full-package-name'
PACKAGE_BUGREPORT='BUG-REPORT-ADDRESS'
PACKAGE_NAME='FULL-PACKAGE-NAME'
PACKAGE_STRING='FULL-PACKAGE-NAME VERSION'
PACKAGE_TARNAME='full-package-name'
PACKAGE_URL=''
PACKAGE_VERSION='VERSION'
PATH_SEPARATOR=':'
RANLIB='ranlib'
SED='/bin/sed'
SET_MAKE=''
SHELL='/bin/bash'
STRIP='strip'
VERSION='VERSION'
ac_ct_AR='ar'
ac_ct_CC='gcc'
ac_ct_CXX='g++'
ac_ct_DUMPBIN=''
am__EXEEXT_FALSE=''
am__EXEEXT_TRUE='#'
am__fastdepCC_FALSE='#'
am__fastdepCC_TRUE=''
am__fastdepCXX_FALSE='#'
am__fastdepCXX_TRUE=''
am__include='include'
am__isrc=''
am__leading_dot='.'
am__nodep='_no'
am__quote=''
am__tar='$${TAR-tar} chof - "$$tardir"'
am__untar='$${TAR-tar} xf -'
bindir='${exec_prefix}/bin'
build='i686-pc-linux-gnu'
build_alias=''
build_cpu='i686'
build_os='linux-gnu'
build_vendor='pc'
datadir='${datarootdir}'
datarootdir='${prefix}/share'
docdir='${datarootdir}/doc/${PACKAGE_TARNAME}'
dvidir='${docdir}'
exec_prefix='${prefix}'
host='i686-pc-linux-gnu'
host_alias=''
host_cpu='i686'
host_os='linux-gnu'
host_vendor='pc'
htmldir='${docdir}'
includedir='${prefix}/include'
infodir='${datarootdir}/info'
install_sh='${SHELL} /home/dl/workspace/epprotocol/src/install-sh'
libdir='${exec_prefix}/lib'
libexecdir='${exec_prefix}/libexec'
localedir='${datarootdir}/locale'
localstatedir='${prefix}/var'
mandir='${datarootdir}/man'
mkdir_p='$(MKDIR_P)'
oldincludedir='/usr/include'
pdfdir='${docdir}'
prefix='/usr/local'
program_transform_name='s,x,x,'
psdir='${docdir}'
runstatedir='${localstatedir}/run'
sbindir='${exec_prefix}/sbin'
sharedstatedir='${prefix}/com'
sysconfdir='${prefix}/etc'
target_alias=''

## ----------- ##
## confdefs.h. ##
## ----------- ##

/* confdefs.h */
#define PACKAGE_NAME "FULL-PACKAGE-NAME"
#define PACKAGE_TARNAME "full-package-name"
#define PACKAGE_VERSION "VERSION"
#define PACKAGE_STRING "FULL-PACKAGE-NAME VERSION"
#define PACKAGE_BUGREPORT "BUG-REPORT-ADDRESS"
#define PACKAGE_URL ""
#define PACKAGE "full-package-name"
#define VERSION "VERSION"
#define HAVE_LIBPTHREAD 1
#define STDC_HEADERS 1
#define HAVE_SYS_TYPES_H 1
#define HAVE_SYS_STAT_H 1
#define HAVE_STDLIB_H 1
#define HAVE_STRING_H 1
#define HAVE_MEMORY_H 1
#define HAVE_STRINGS_H 1
#define HAVE_INTTYPES_H 1
#define HAVE_STDINT_H 1
#define HAVE_UNISTD_H 1
#define HAVE_STDDEF_H 1
#define HAVE_STDLIB_H 1
#define HAVE_STRING_H 1
#define HAVE_SYSLOG_H 1
#define HAVE_UNISTD_H 1
#define HAVE__BOOL 1
#define HAVE_DLFCN_H 1
#define LT_OBJDIR ".libs/"
#define HAVE_FORK 1
#define HAVE_VFORK 1
#define HAVE_WORKING_VFORK 1
#define HAVE_WORKING_FORK 1
#define HAVE_STDLIB_H 1
#define HAVE_MALLOC 1
#define HAVE_STDLIB_H 1
#define HAVE_REALLOC 1
#define HAVE_MEMSET 1
#define HAVE_STRDUP 1
#define HAVE_STRERROR 1

configure: exit 0
